<?xml version="1.0" encoding="UTF-8"?>
<Site BuildName="Linux-x86_64-linux-gnu-g++-9"
	BuildStamp="20201120-1501-Experimental"
	Name="inoue-XPS-13-9310"
	Generator="ctest-3.16.3"
	CompilerName="/bin/x86_64-linux-gnu-g++-9"
	CompilerVersion="9.3.0"
	OSName="Linux"
	Hostname="inoue-XPS-13-9310"
	OSRelease="5.6.0-1034-oem"
	OSVersion="#36-Ubuntu SMP Fri Nov 6 18:22:26 UTC 2020"
	OSPlatform="x86_64"
	Is64Bits="1"
	VendorString="GenuineIntel"
	VendorID="Intel Corporation"
	FamilyID="6"
	ModelID="140"
	ProcessorCacheSize="12288"
	NumberOfLogicalCPU="8"
	NumberOfPhysicalCPU="4"
	TotalVirtualMemory="2047"
	TotalPhysicalMemory="15737"
	LogicalProcessorsPerPhysical="2"
	ProcessorClockFrequency="4023.52"
	>
	<Testing>
		<StartDateTime>Nov 21 00:01 JST</StartDateTime>
		<StartTestTime>1605884460</StartTestTime>
		<TestList/>
		<EndDateTime>Nov 21 00:01 JST</EndDateTime>
		<EndTestTime>1605884460</EndTestTime>
		<ElapsedMinutes>0</ElapsedMinutes>
	</Testing>
</Site>
